c:\users\default.laptop-mf8od2dc\desktop\new1\myfirstclr(picturefileorganizer)중간세이브\myfirstclr\debug\vc141.pdb
c:\users\default.laptop-mf8od2dc\desktop\new1\myfirstclr(picturefileorganizer)중간세이브\myfirstclr\debug\.netframework,version=v4.5.assemblyattributes.obj
c:\users\default.laptop-mf8od2dc\desktop\new1\myfirstclr(picturefileorganizer)중간세이브\myfirstclr\debug\.netframework,version=v4.5.assemblyattributes.asm
c:\users\default.laptop-mf8od2dc\desktop\new1\myfirstclr(picturefileorganizer)중간세이브\myfirstclr\debug\secondform.obj
c:\users\default.laptop-mf8od2dc\desktop\new1\myfirstclr(picturefileorganizer)중간세이브\myfirstclr\debug\myform.obj
c:\users\default.laptop-mf8od2dc\desktop\new1\myfirstclr(picturefileorganizer)중간세이브\debug\myfirstclr.exe
c:\users\default.laptop-mf8od2dc\desktop\new1\myfirstclr(picturefileorganizer)중간세이브\debug\myfirstclr.pdb
c:\users\default.laptop-mf8od2dc\desktop\new1\myfirstclr(picturefileorganizer)중간세이브\myfirstclr\debug\myfirstclr.myform.resources
c:\users\default.laptop-mf8od2dc\desktop\new1\myfirstclr(picturefileorganizer)중간세이브\myfirstclr\debug\myfirstclr.secondform.resources
c:\users\default.laptop-mf8od2dc\desktop\new1\myfirstclr(picturefileorganizer)중간세이브\myfirstclr\debug\myfirstclr.vcxproj.generateresource.cache
c:\users\default.laptop-mf8od2dc\desktop\new1\myfirstclr(picturefileorganizer)중간세이브\myfirstclr\debug\myfirstclr.vcxprojassemblyreference.cache
c:\users\default.laptop-mf8od2dc\desktop\new1\myfirstclr(picturefileorganizer)중간세이브\myfirstclr\debug\myfirstclr.tlog\cl.command.1.tlog
c:\users\default.laptop-mf8od2dc\desktop\new1\myfirstclr(picturefileorganizer)중간세이브\myfirstclr\debug\myfirstclr.tlog\cl.read.1.tlog
c:\users\default.laptop-mf8od2dc\desktop\new1\myfirstclr(picturefileorganizer)중간세이브\myfirstclr\debug\myfirstclr.tlog\cl.write.1.tlog
c:\users\default.laptop-mf8od2dc\desktop\new1\myfirstclr(picturefileorganizer)중간세이브\myfirstclr\debug\myfirstclr.tlog\link.command.1.tlog
c:\users\default.laptop-mf8od2dc\desktop\new1\myfirstclr(picturefileorganizer)중간세이브\myfirstclr\debug\myfirstclr.tlog\link.read.1.tlog
c:\users\default.laptop-mf8od2dc\desktop\new1\myfirstclr(picturefileorganizer)중간세이브\myfirstclr\debug\myfirstclr.tlog\link.write.1.tlog
c:\users\default.laptop-mf8od2dc\desktop\new1\myfirstclr(picturefileorganizer)중간세이브\myfirstclr\debug\myfirstclr.tlog\metagen.read.1.tlog
c:\users\default.laptop-mf8od2dc\desktop\new1\myfirstclr(picturefileorganizer)중간세이브\myfirstclr\debug\myfirstclr.tlog\metagen.write.1.tlog
c:\users\default.laptop-mf8od2dc\desktop\new1\myfirstclr(picturefileorganizer)중간세이브\myfirstclr\debug\myfirstclr.tlog\myfirstclr.write.1u.tlog
c:\users\default.laptop-mf8od2dc\desktop\new1\myfirstclr(picturefileorganizer)중간세이브\myfirstclr\debug\myfirstclr.tlog\tzres.dll.bi
